#
# There is insufficient memory for the Java Runtime Environment to continue.
# Native memory allocation (malloc) failed to allocate 774416 bytes for Chunk::new
# Possible reasons:
#   The system is out of physical RAM or swap space
#   The process is running with CompressedOops enabled, and the Java Heap may be blocking the growth of the native heap
# Possible solutions:
#   Reduce memory load on the system
#   Increase physical memory or swap space
#   Check if swap backing store is full
#   Decrease Java heap size (-Xmx/-Xms)
#   Decrease number of Java threads
#   Decrease Java thread stack sizes (-Xss)
#   Set larger code cache with -XX:ReservedCodeCacheSize=
#   JVM is running with Unscaled Compressed Oops mode in which the Java heap is
#     placed in the first 4GB address space. The Java Heap base address is the
#     maximum limit for the native heap growth. Please use -XX:HeapBaseMinAddress
#     to set the Java Heap base and to place the Java Heap above 4GB virtual address.
# This output file may be truncated or incomplete.
#
#  Out of Memory Error (./src/hotspot/share/memory/arena.cpp:197), pid=11644, tid=12976
#
# JRE version: OpenJDK Runtime Environment Temurin-11.0.12+7 (11.0.12+7) (build 11.0.12+7)
# Java VM: OpenJDK 64-Bit Server VM Temurin-11.0.12+7 (11.0.12+7, mixed mode, tiered, compressed oops, parallel gc, windows-amd64)
# No core dump will be written. Minidumps are not enabled by default on client versions of Windows
#

---------------  S U M M A R Y ------------

Command Line: --add-modules=ALL-SYSTEM --add-opens=java.base/java.util=ALL-UNNAMED --add-opens=java.base/java.lang=ALL-UNNAMED -Declipse.application=org.eclipse.jdt.ls.core.id1 -Dosgi.bundles.defaultStartLevel=4 -Declipse.product=org.eclipse.jdt.ls.core.product -Dfile.encoding=utf8 -DwatchParentProcess=false -XX:+UseParallelGC -XX:GCTimeRatio=4 -XX:AdaptiveSizePolicyWeight=90 -Dsun.zip.disableMemoryMapping=true -Xmx1G -Xms100m -Xverify:none c:\Users\lenovo\.vscode\extensions\redhat.java-0.82.0\server\plugins\org.eclipse.equinox.launcher_1.6.300.v20210813-1054.jar -configuration c:\Users\lenovo\AppData\Roaming\Code\User\globalStorage\redhat.java\0.82.0\config_win -data c:\Users\lenovo\AppData\Roaming\Code\User\workspaceStorage\53de9737baf138d4e347c64182850dbd\redhat.java\jdt_ws

Host: Intel(R) Core(TM) i3-1005G1 CPU @ 1.20GHz, 4 cores, 3G,  Windows 10 , 64 bit Build 19041 (10.0.19041.1202)
Time: Mon Oct 11 08:04:43 2021 SE Asia Standard Time elapsed time: 4.004394 seconds (0d 0h 0m 4s)

---------------  T H R E A D  ---------------

Current thread (0x000002585b90d800):  JavaThread "C2 CompilerThread0" daemon [_thread_in_native, id=12976, stack(0x00000087dba00000,0x00000087dbb00000)]


Current CompileTask:
C2:   4004 2212   !   4       java.util.jar.Attributes::read (390 bytes)

Stack: [0x00000087dba00000,0x00000087dbb00000]
Native frames: (J=compiled Java code, j=interpreted, Vv=VM code, C=native code)
V  [jvm.dll+0x601d0a]
V  [jvm.dll+0x78ab6e]
V  [jvm.dll+0x78c23f]
V  [jvm.dll+0x78c903]
V  [jvm.dll+0x24be68]
V  [jvm.dll+0xc219c]
V  [jvm.dll+0xc275c]
V  [jvm.dll+0x354857]
V  [jvm.dll+0x321f63]
V  [jvm.dll+0x32129a]
V  [jvm.dll+0x205515]
V  [jvm.dll+0x2046fd]
V  [jvm.dll+0x1898fc]
V  [jvm.dll+0x213d67]
V  [jvm.dll+0x211f2b]
V  [jvm.dll+0x74ec19]
V  [jvm.dll+0x747c84]
V  [jvm.dll+0x600ba6]
C  [ucrtbase.dll+0x21bb2]
C  [KERNEL32.DLL+0x17034]
C  [ntdll.dll+0x52651]


---------------  P R O C E S S  ---------------

Threads class SMR info:
_java_thread_list=0x000002585dde2ba0, length=20, elements={
0x000002584183a800, 0x000002585b8ed800, 0x000002585b8f1000, 0x000002585ca92800,
0x000002585b90b000, 0x000002585b90c800, 0x000002585b90d800, 0x000002585b94c800,
0x000002585cac0000, 0x000002585cbbd000, 0x000002585d21b800, 0x000002585dc27000,
0x000002585d37d000, 0x000002585dbfa000, 0x000002585d569800, 0x000002585dcd7800,
0x000002585dd10800, 0x000002585ddc1800, 0x000002585dda9000, 0x000002585ded8000
}

Java Threads: ( => current thread )
  0x000002584183a800 JavaThread "main" [_thread_blocked, id=11504, stack(0x00000087db200000,0x00000087db300000)]
  0x000002585b8ed800 JavaThread "Reference Handler" daemon [_thread_blocked, id=6224, stack(0x00000087db500000,0x00000087db600000)]
  0x000002585b8f1000 JavaThread "Finalizer" daemon [_thread_blocked, id=13080, stack(0x00000087db600000,0x00000087db700000)]
  0x000002585ca92800 JavaThread "Signal Dispatcher" daemon [_thread_blocked, id=1900, stack(0x00000087db700000,0x00000087db800000)]
  0x000002585b90b000 JavaThread "Attach Listener" daemon [_thread_blocked, id=9368, stack(0x00000087db800000,0x00000087db900000)]
  0x000002585b90c800 JavaThread "Service Thread" daemon [_thread_blocked, id=7640, stack(0x00000087db900000,0x00000087dba00000)]
=>0x000002585b90d800 JavaThread "C2 CompilerThread0" daemon [_thread_in_native, id=12976, stack(0x00000087dba00000,0x00000087dbb00000)]
  0x000002585b94c800 JavaThread "C1 CompilerThread0" daemon [_thread_blocked, id=13908, stack(0x00000087dbb00000,0x00000087dbc00000)]
  0x000002585cac0000 JavaThread "Sweeper thread" daemon [_thread_blocked, id=14000, stack(0x00000087dbc00000,0x00000087dbd00000)]
  0x000002585cbbd000 JavaThread "Common-Cleaner" daemon [_thread_blocked, id=10316, stack(0x00000087dbd00000,0x00000087dbe00000)]
  0x000002585d21b800 JavaThread "Active Thread: Equinox Container: d5ece396-1213-47e8-9b6c-f8a8f4073c3f" [_thread_blocked, id=12968, stack(0x00000087dc000000,0x00000087dc100000)]
  0x000002585dc27000 JavaThread "Framework Event Dispatcher: Equinox Container: d5ece396-1213-47e8-9b6c-f8a8f4073c3f" daemon [_thread_blocked, id=13152, stack(0x00000087dbf00000,0x00000087dc000000)]
  0x000002585d37d000 JavaThread "Start Level: Equinox Container: d5ece396-1213-47e8-9b6c-f8a8f4073c3f" daemon [_thread_in_native, id=4048, stack(0x00000087dc100000,0x00000087dc200000)]
  0x000002585dbfa000 JavaThread "SCR Component Actor" daemon [_thread_blocked, id=2288, stack(0x00000087dc500000,0x00000087dc600000)]
  0x000002585d569800 JavaThread "Timer-0" daemon [_thread_blocked, id=13556, stack(0x00000087dc600000,0x00000087dc700000)]
  0x000002585dcd7800 JavaThread "Worker-JM" [_thread_blocked, id=2308, stack(0x00000087dc700000,0x00000087dc800000)]
  0x000002585dd10800 JavaThread "Worker-0" [_thread_blocked, id=8184, stack(0x00000087dc800000,0x00000087dc900000)]
  0x000002585ddc1800 JavaThread "Worker-1" [_thread_blocked, id=10136, stack(0x00000087dc900000,0x00000087dca00000)]
  0x000002585dda9000 JavaThread "Worker-2" [_thread_blocked, id=6732, stack(0x00000087dca00000,0x00000087dcb00000)]
  0x000002585ded8000 JavaThread "Java indexing" daemon [_thread_blocked, id=12668, stack(0x00000087dcb00000,0x00000087dcc00000)]

Other Threads:
  0x0000025841902800 VMThread "VM Thread" [stack: 0x00000087db400000,0x00000087db500000] [id=8756]
  0x000002585ccdc800 WatcherThread [stack: 0x00000087dbe00000,0x00000087dbf00000] [id=10840]
  0x0000025841853800 GCTaskThread "ParGC Thread#0" [stack: 0x00000087db300000,0x00000087db400000] [id=2172]
  0x000002585d387000 GCTaskThread "ParGC Thread#1" [stack: 0x00000087dc200000,0x00000087dc300000] [id=12208]
  0x000002585d387800 GCTaskThread "ParGC Thread#2" [stack: 0x00000087dc300000,0x00000087dc400000] [id=12764]
  0x000002585d388000 GCTaskThread "ParGC Thread#3" [stack: 0x00000087dc400000,0x00000087dc500000] [id=11324]

Threads with active compile tasks:
C2 CompilerThread0   4034 2212   !   4       java.util.jar.Attributes::read (390 bytes)

VM state:not at safepoint (normal execution)

VM Mutex/Monitor currently owned by a thread: None

Heap address: 0x00000000c0000000, size: 1024 MB, Compressed Oops mode: 32-bit
Narrow klass base: 0x0000000000000000, Narrow klass shift: 3
Compressed class space size: 1073741824 Address: 0x0000000100000000

Heap:
 PSYoungGen      total 29696K, used 20478K [0x00000000eab00000, 0x00000000ecc00000, 0x0000000100000000)
  eden space 25600K, 79% used [0x00000000eab00000,0x00000000ebeffac8,0x00000000ec400000)
  from space 4096K, 0% used [0x00000000ec800000,0x00000000ec800000,0x00000000ecc00000)
  to   space 4096K, 0% used [0x00000000ec400000,0x00000000ec400000,0x00000000ec800000)
 ParOldGen       total 68608K, used 7098K [0x00000000c0000000, 0x00000000c4300000, 0x00000000eab00000)
  object space 68608K, 10% used [0x00000000c0000000,0x00000000c06ee848,0x00000000c4300000)
 Metaspace       used 24906K, capacity 26415K, committed 26496K, reserved 1073152K
  class space    used 2346K, capacity 2864K, committed 2944K, reserved 1048576K

Card table byte_map: [0x0000025841220000,0x0000025841430000] _byte_map_base: 0x0000025840c20000

Marking Bits: (ParMarkBitMap*) 0x00007ffc836abcf0
 Begin Bits: [0x0000025858f50000, 0x0000025859f50000)
 End Bits:   [0x0000025859f50000, 0x000002585af50000)

Polling page: 0x0000025841010000

Metaspace:

Usage:
  Non-class:     23.00 MB capacity,    22.03 MB ( 96%) used,   937.14 KB (  4%) free+waste,    54.44 KB ( <1%) overhead. 
      Class:      2.80 MB capacity,     2.29 MB ( 82%) used,   490.23 KB ( 17%) free+waste,    27.19 KB ( <1%) overhead. 
       Both:     25.80 MB capacity,    24.32 MB ( 94%) used,     1.39 MB (  5%) free+waste,    81.63 KB ( <1%) overhead. 

Virtual space:
  Non-class space:       24.00 MB reserved,      23.00 MB ( 96%) committed 
      Class space:        1.00 GB reserved,       2.88 MB ( <1%) committed 
             Both:        1.02 GB reserved,      25.88 MB (  2%) committed 

Chunk freelists:
   Non-Class:  1.00 KB
       Class:  16.00 KB
        Both:  17.00 KB

MaxMetaspaceSize: 17179869184.00 GB
CompressedClassSpaceSize: 1.00 GB
Initial GC threshold: 20.80 MB
Current GC threshold: 34.59 MB
CDS: off

CodeHeap 'non-profiled nmethods': size=120064Kb used=805Kb max_used=805Kb free=119258Kb
 bounds [0x0000025851a10000, 0x0000025851c80000, 0x0000025858f50000]
CodeHeap 'profiled nmethods': size=120000Kb used=4600Kb max_used=4600Kb free=115399Kb
 bounds [0x000002584a4e0000, 0x000002584a960000, 0x0000025851a10000]
CodeHeap 'non-nmethods': size=5696Kb used=1240Kb max_used=1253Kb free=4456Kb
 bounds [0x0000025849f50000, 0x000002584a1c0000, 0x000002584a4e0000]
 total_blobs=2718 nmethods=2219 adapters=413
 compilation: enabled
              stopped_count=0, restarted_count=0
 full_count=0

Compilation events (20 events):
Event: 3.920 Thread 0x000002585b90d800 nmethod 2161 0x0000025851ad7d10 code [0x0000025851ad7ee0, 0x0000025851ad8538]
Event: 3.920 Thread 0x000002585b90d800 2212   !   4       java.util.jar.Attributes::read (390 bytes)
Event: 3.928 Thread 0x000002585b94c800 2213       3       java.util.concurrent.locks.AbstractQueuedSynchronizer::<init> (5 bytes)
Event: 3.928 Thread 0x000002585b94c800 nmethod 2213 0x000002584a95a710 code [0x000002584a95a8c0, 0x000002584a95aa78]
Event: 3.928 Thread 0x000002585b94c800 2214       3       java.util.concurrent.locks.AbstractOwnableSynchronizer::<init> (5 bytes)
Event: 3.928 Thread 0x000002585b94c800 nmethod 2214 0x000002584a95ab90 code [0x000002584a95ad40, 0x000002584a95ae98]
Event: 3.928 Thread 0x000002585b94c800 2215       3       org.eclipse.osgi.storage.Storage::getConfiguration (8 bytes)
Event: 3.928 Thread 0x000002585b94c800 nmethod 2215 0x000002584a95af90 code [0x000002584a95b140, 0x000002584a95b258]
Event: 3.936 Thread 0x000002585b94c800 2216       3       org.eclipse.osgi.internal.loader.BundleLoaderSources::getPackageSource (64 bytes)
Event: 3.937 Thread 0x000002585b94c800 nmethod 2216 0x000002584a95b310 code [0x000002584a95b520, 0x000002584a95bcc8]
Event: 3.976 Thread 0x000002585b94c800 2217       3       java.util.ArrayDeque::addFirst (51 bytes)
Event: 3.976 Thread 0x000002585b94c800 nmethod 2217 0x000002584a95bf10 code [0x000002584a95c100, 0x000002584a95c558]
Event: 3.977 Thread 0x000002585b94c800 2218       3       java.util.ArrayDeque::contains (80 bytes)
Event: 3.978 Thread 0x000002585b94c800 nmethod 2218 0x000002584a95c710 code [0x000002584a95c900, 0x000002584a95cd68]
Event: 3.984 Thread 0x000002585b94c800 2219       3       org.eclipse.core.internal.registry.Handle::<init> (15 bytes)
Event: 3.984 Thread 0x000002585b94c800 nmethod 2219 0x000002584a95cf10 code [0x000002584a95d0c0, 0x000002584a95d238]
Event: 3.987 Thread 0x000002585b94c800 2220       3       org.eclipse.core.internal.registry.ConfigurationElementHandle::<init> (7 bytes)
Event: 3.987 Thread 0x000002585b94c800 nmethod 2220 0x000002584a95d310 code [0x000002584a95d4c0, 0x000002584a95d698]
Event: 4.000 Thread 0x000002585b94c800 2221       3       jdk.internal.misc.Unsafe::checkPrimitivePointer (19 bytes)
Event: 4.001 Thread 0x000002585b94c800 nmethod 2221 0x000002584a95d790 code [0x000002584a95d9a0, 0x000002584a95dfa8]

GC Heap History (6 events):
Event: 2.052 GC heap before
{Heap before GC invocations=1 (full 0):
 PSYoungGen      total 29696K, used 25600K [0x00000000eab00000, 0x00000000ecc00000, 0x0000000100000000)
  eden space 25600K, 100% used [0x00000000eab00000,0x00000000ec400000,0x00000000ec400000)
  from space 4096K, 0% used [0x00000000ec800000,0x00000000ec800000,0x00000000ecc00000)
  to   space 4096K, 0% used [0x00000000ec400000,0x00000000ec400000,0x00000000ec800000)
 ParOldGen       total 68608K, used 0K [0x00000000c0000000, 0x00000000c4300000, 0x00000000eab00000)
  object space 68608K, 0% used [0x00000000c0000000,0x00000000c0000000,0x00000000c4300000)
 Metaspace       used 13274K, capacity 13517K, committed 13696K, reserved 1060864K
  class space    used 1221K, capacity 1293K, committed 1408K, reserved 1048576K
}
Event: 2.064 GC heap after
{Heap after GC invocations=1 (full 0):
 PSYoungGen      total 29696K, used 4068K [0x00000000eab00000, 0x00000000ecc00000, 0x0000000100000000)
  eden space 25600K, 0% used [0x00000000eab00000,0x00000000eab00000,0x00000000ec400000)
  from space 4096K, 99% used [0x00000000ec400000,0x00000000ec7f9280,0x00000000ec800000)
  to   space 4096K, 0% used [0x00000000ec800000,0x00000000ec800000,0x00000000ecc00000)
 ParOldGen       total 68608K, used 650K [0x00000000c0000000, 0x00000000c4300000, 0x00000000eab00000)
  object space 68608K, 0% used [0x00000000c0000000,0x00000000c00a2820,0x00000000c4300000)
 Metaspace       used 13274K, capacity 13517K, committed 13696K, reserved 1060864K
  class space    used 1221K, capacity 1293K, committed 1408K, reserved 1048576K
}
Event: 3.270 GC heap before
{Heap before GC invocations=2 (full 0):
 PSYoungGen      total 29696K, used 19218K [0x00000000eab00000, 0x00000000ecc00000, 0x0000000100000000)
  eden space 25600K, 59% used [0x00000000eab00000,0x00000000eb9cb788,0x00000000ec400000)
  from space 4096K, 99% used [0x00000000ec400000,0x00000000ec7f9280,0x00000000ec800000)
  to   space 4096K, 0% used [0x00000000ec800000,0x00000000ec800000,0x00000000ecc00000)
 ParOldGen       total 68608K, used 650K [0x00000000c0000000, 0x00000000c4300000, 0x00000000eab00000)
  object space 68608K, 0% used [0x00000000c0000000,0x00000000c00a2820,0x00000000c4300000)
 Metaspace       used 20172K, capacity 21200K, committed 21248K, reserved 1069056K
  class space    used 1915K, capacity 2256K, committed 2304K, reserved 1048576K
}
Event: 3.283 GC heap after
{Heap after GC invocations=2 (full 0):
 PSYoungGen      total 29696K, used 4066K [0x00000000eab00000, 0x00000000ecc00000, 0x0000000100000000)
  eden space 25600K, 0% used [0x00000000eab00000,0x00000000eab00000,0x00000000ec400000)
  from space 4096K, 99% used [0x00000000ec800000,0x00000000ecbf8818,0x00000000ecc00000)
  to   space 4096K, 0% used [0x00000000ec400000,0x00000000ec400000,0x00000000ec800000)
 ParOldGen       total 68608K, used 3118K [0x00000000c0000000, 0x00000000c4300000, 0x00000000eab00000)
  object space 68608K, 4% used [0x00000000c0000000,0x00000000c030b8e0,0x00000000c4300000)
 Metaspace       used 20172K, capacity 21200K, committed 21248K, reserved 1069056K
  class space    used 1915K, capacity 2256K, committed 2304K, reserved 1048576K
}
Event: 3.283 GC heap before
{Heap before GC invocations=3 (full 1):
 PSYoungGen      total 29696K, used 4066K [0x00000000eab00000, 0x00000000ecc00000, 0x0000000100000000)
  eden space 25600K, 0% used [0x00000000eab00000,0x00000000eab00000,0x00000000ec400000)
  from space 4096K, 99% used [0x00000000ec800000,0x00000000ecbf8818,0x00000000ecc00000)
  to   space 4096K, 0% used [0x00000000ec400000,0x00000000ec400000,0x00000000ec800000)
 ParOldGen       total 68608K, used 3118K [0x00000000c0000000, 0x00000000c4300000, 0x00000000eab00000)
  object space 68608K, 4% used [0x00000000c0000000,0x00000000c030b8e0,0x00000000c4300000)
 Metaspace       used 20172K, capacity 21200K, committed 21248K, reserved 1069056K
  class space    used 1915K, capacity 2256K, committed 2304K, reserved 1048576K
}
Event: 3.337 GC heap after
{Heap after GC invocations=3 (full 1):
 PSYoungGen      total 29696K, used 0K [0x00000000eab00000, 0x00000000ecc00000, 0x0000000100000000)
  eden space 25600K, 0% used [0x00000000eab00000,0x00000000eab00000,0x00000000ec400000)
  from space 4096K, 0% used [0x00000000ec800000,0x00000000ec800000,0x00000000ecc00000)
  to   space 4096K, 0% used [0x00000000ec400000,0x00000000ec400000,0x00000000ec800000)
 ParOldGen       total 68608K, used 7098K [0x00000000c0000000, 0x00000000c4300000, 0x00000000eab00000)
  object space 68608K, 10% used [0x00000000c0000000,0x00000000c06ee848,0x00000000c4300000)
 Metaspace       used 20172K, capacity 21200K, committed 21248K, reserved 1069056K
  class space    used 1915K, capacity 2256K, committed 2304K, reserved 1048576K
}

Deoptimization events (20 events):
Event: 2.986 Thread 0x000002585d37d000 DEOPT PACKING pc=0x0000025851aa90f4 sp=0x00000087dc1fa1c0
Event: 2.986 Thread 0x000002585d37d000 DEOPT UNPACKING pc=0x0000025849f585af sp=0x00000087dc1fa150 mode 2
Event: 3.115 Thread 0x000002585d37d000 Uncommon trap: trap_request=0xffffff4d fr.pc=0x0000025851aac9b4 relative=0x0000000000000fb4
Event: 3.115 Thread 0x000002585d37d000 Uncommon trap: reason=unstable_if action=reinterpret pc=0x0000025851aac9b4 method=java.util.Properties.loadConvert([CIILjava/lang/StringBuilder;)Ljava/lang/String; @ 475 c2
Event: 3.115 Thread 0x000002585d37d000 DEOPT PACKING pc=0x0000025851aac9b4 sp=0x00000087dc1f8e50
Event: 3.115 Thread 0x000002585d37d000 DEOPT UNPACKING pc=0x0000025849f585af sp=0x00000087dc1f8e30 mode 2
Event: 3.197 Thread 0x000002585d37d000 Uncommon trap: trap_request=0xffffff4d fr.pc=0x0000025851a90da0 relative=0x0000000000000480
Event: 3.197 Thread 0x000002585d37d000 Uncommon trap: reason=unstable_if action=reinterpret pc=0x0000025851a90da0 method=jdk.internal.org.objectweb.asm.Type.getArgumentsAndReturnSizes(Ljava/lang/String;)I @ 47 c2
Event: 3.198 Thread 0x000002585d37d000 DEOPT PACKING pc=0x0000025851a90da0 sp=0x00000087dc1f94c0
Event: 3.198 Thread 0x000002585d37d000 DEOPT UNPACKING pc=0x0000025849f585af sp=0x00000087dc1f9458 mode 2
Event: 3.433 Thread 0x000002585d37d000 DEOPT PACKING pc=0x000002584a726844 sp=0x00000087dc1f5380
Event: 3.433 Thread 0x000002585d37d000 DEOPT UNPACKING pc=0x0000025849f99d0e sp=0x00000087dc1f4860 mode 0
Event: 3.598 Thread 0x000002585d37d000 DEOPT PACKING pc=0x000002584a5d9469 sp=0x00000087dc1f79e0
Event: 3.598 Thread 0x000002585d37d000 DEOPT UNPACKING pc=0x0000025849f99d0e sp=0x00000087dc1f6eb0 mode 0
Event: 3.715 Thread 0x000002585d37d000 DEOPT PACKING pc=0x000002584a5d9469 sp=0x00000087dc1fbba0
Event: 3.715 Thread 0x000002585d37d000 DEOPT UNPACKING pc=0x0000025849f99d0e sp=0x00000087dc1fb070 mode 0
Event: 3.775 Thread 0x000002585d37d000 Uncommon trap: trap_request=0xffffff4d fr.pc=0x0000025851ac7194 relative=0x0000000000000f94
Event: 3.775 Thread 0x000002585d37d000 Uncommon trap: reason=unstable_if action=reinterpret pc=0x0000025851ac7194 method=java.util.Properties.loadConvert([CIILjava/lang/StringBuilder;)Ljava/lang/String; @ 105 c2
Event: 3.775 Thread 0x000002585d37d000 DEOPT PACKING pc=0x0000025851ac7194 sp=0x00000087dc1fc3c0
Event: 3.775 Thread 0x000002585d37d000 DEOPT UNPACKING pc=0x0000025849f585af sp=0x00000087dc1fc3a0 mode 2

Classes redefined (0 events):
No events

Internal exceptions (20 events):
Event: 2.044 Thread 0x000002584183a800 Exception <a 'java/lang/UnsatisfiedLinkError'{0x00000000ec314038}: 'void org.eclipse.equinox.launcher.JNIBridge._update_splash()'> (0x00000000ec314038) thrown at [./src/hotspot/share/prims/nativeLookup.cpp, line 528]
Event: 2.049 Thread 0x000002585d37d000 Exception <a 'java/lang/NoSuchMethodError'{0x00000000ec3fb1c8}: 'java.lang.Object java.lang.invoke.Invokers$Holder.linkToTargetMethod(java.lang.Object, java.lang.Object, java.lang.Object, int, java.lang.Object)'> (0x00000000ec3fb1c8) thrown at [./src/hotspot/share/interpreter/linkResolver.cpp, line 773]
Event: 2.179 Thread 0x000002585d37d000 Exception <a 'java/lang/NoSuchMethodError'{0x00000000eae072e8}: 'java.lang.Object java.lang.invoke.DirectMethodHandle$Holder.invokeStatic(java.lang.Object, java.lang.Object, java.lang.Object, java.lang.Object, java.lang.Object, java.lang.Object, java.lang.Object, java.lang.Object, java.lang.Object, java.lang.Object, java.lang.Object, java.lang.Object, java.lang.Object, java.lang.Object, java.lang.Object)'> (0x00000000eae072e8) thrown at [./src/hotspot/share/interpreter/linkResolver.cpp, line 773]
Event: 2.184 Thread 0x000002585d37d000 Exception <a 'java/lang/NoSuchMethodError'{0x00000000eae152f0}: 'java.lang.Object java.lang.invoke.DirectMethodHandle$Holder.invokeStatic(java.lang.Object, java.lang.Object, java.lang.Object, java.lang.Object, java.lang.Object, java.lang.Object, java.lang.Object, java.lang.Object, java.lang.Object, java.lang.Object, java.lang.Object, java.lang.Object, java.lang.Object, java.lang.Object, java.lang.Object, java.lang.Object)'> (0x00000000eae152f0) thrown at [./src/hotspot/share/interpreter/linkResolver.cpp, l
Event: 2.185 Thread 0x000002585d37d000 Exception <a 'java/lang/NoSuchMethodError'{0x00000000eae23208}: 'java.lang.Object java.lang.invoke.DirectMethodHandle$Holder.invokeSpecial(java.lang.Object, java.lang.Object, int, int, java.lang.Object, java.lang.Object, java.lang.Object)'> (0x00000000eae23208) thrown at [./src/hotspot/share/interpreter/linkResolver.cpp, line 773]
Event: 2.186 Thread 0x000002585d37d000 Exception <a 'java/lang/NoSuchMethodError'{0x00000000eae26798}: 'java.lang.Object java.lang.invoke.DelegatingMethodHandle$Holder.reinvoke_L(java.lang.Object, int, int, java.lang.Object, java.lang.Object, java.lang.Object)'> (0x00000000eae26798) thrown at [./src/hotspot/share/interpreter/linkResolver.cpp, line 773]
Event: 2.518 Thread 0x000002585d37d000 Exception <a 'java/io/FileNotFoundException'{0x00000000eb127c98}> (0x00000000eb127c98) thrown at [./src/hotspot/share/prims/jni.cpp, line 615]
Event: 3.083 Thread 0x000002585d37d000 Exception <a 'java/lang/NoSuchMethodError'{0x00000000eb659178}: 'void java.lang.invoke.DirectMethodHandle$Holder.invokeSpecial(java.lang.Object, java.lang.Object, java.lang.Object, java.lang.Object)'> (0x00000000eb659178) thrown at [./src/hotspot/share/interpreter/linkResolver.cpp, line 773]
Event: 3.108 Thread 0x000002585d37d000 Exception <a 'java/io/FileNotFoundException'{0x00000000eb673b18}> (0x00000000eb673b18) thrown at [./src/hotspot/share/prims/jni.cpp, line 615]
Event: 3.111 Thread 0x000002585d37d000 Exception <a 'java/io/FileNotFoundException'{0x00000000eb6856b0}> (0x00000000eb6856b0) thrown at [./src/hotspot/share/prims/jni.cpp, line 615]
Event: 3.196 Thread 0x000002585d37d000 Exception <a 'java/lang/IncompatibleClassChangeError'{0x00000000eb8399d8}: Found class java.lang.Object, but interface was expected> (0x00000000eb8399d8) thrown at [./src/hotspot/share/interpreter/linkResolver.cpp, line 839]
Event: 3.235 Thread 0x000002585d37d000 Exception <a 'java/io/FileNotFoundException'{0x00000000eb916850}> (0x00000000eb916850) thrown at [./src/hotspot/share/prims/jni.cpp, line 615]
Event: 3.419 Thread 0x000002585d37d000 Exception <a 'java/io/FileNotFoundException'{0x00000000ead04730}> (0x00000000ead04730) thrown at [./src/hotspot/share/prims/jni.cpp, line 615]
Event: 3.420 Thread 0x000002585d37d000 Exception <a 'java/io/FileNotFoundException'{0x00000000ead05988}> (0x00000000ead05988) thrown at [./src/hotspot/share/prims/jni.cpp, line 615]
Event: 3.421 Thread 0x000002585d37d000 Exception <a 'java/io/FileNotFoundException'{0x00000000ead06ae8}> (0x00000000ead06ae8) thrown at [./src/hotspot/share/prims/jni.cpp, line 615]
Event: 3.464 Thread 0x000002585d37d000 Exception <a 'java/lang/NoSuchMethodError'{0x00000000eae87430}: 'int java.lang.invoke.DirectMethodHandle$Holder.invokeStaticInit(java.lang.Object, java.lang.Object, java.lang.Object)'> (0x00000000eae87430) thrown at [./src/hotspot/share/interpreter/linkResolver.cpp, line 773]
Event: 3.501 Thread 0x000002585d37d000 Exception <a 'java/io/FileNotFoundException'{0x00000000eafaa8d0}> (0x00000000eafaa8d0) thrown at [./src/hotspot/share/prims/jni.cpp, line 615]
Event: 3.585 Thread 0x000002585d37d000 Exception <a 'java/io/FileNotFoundException'{0x00000000eb8afe50}> (0x00000000eb8afe50) thrown at [./src/hotspot/share/prims/jni.cpp, line 615]
Event: 3.779 Thread 0x000002585d37d000 Exception <a 'java/lang/ClassNotFoundException'{0x00000000ebaaa678}: com/sun/org/apache/xml/internal/serializer/spi/XMLEntitiesProvider> (0x00000000ebaaa678) thrown at [./src/hotspot/share/classfile/systemDictionary.cpp, line 231]
Event: 3.909 Thread 0x000002585d37d000 Exception <a 'java/io/FileNotFoundException'{0x00000000ebd29fa8}> (0x00000000ebd29fa8) thrown at [./src/hotspot/share/prims/jni.cpp, line 615]

Events (20 events):
Event: 3.905 loading class com/sun/org/apache/xerces/internal/dom/DeferredAttrImpl
Event: 3.906 loading class com/sun/org/apache/xerces/internal/dom/DeferredAttrImpl done
Event: 3.906 Executing VM operation: Deoptimize
Event: 3.906 Executing VM operation: Deoptimize done
Event: 3.906 loading class com/sun/org/apache/xerces/internal/dom/DeferredTextImpl
Event: 3.906 loading class com/sun/org/apache/xerces/internal/dom/DeferredTextImpl done
Event: 3.951 loading class java/security/Policy
Event: 3.953 loading class java/security/Policy done
Event: 3.953 loading class java/security/Policy$UnsupportedEmptyCollection
Event: 3.953 loading class java/security/Policy$UnsupportedEmptyCollection done
Event: 3.953 loading class java/security/Policy$PolicyInfo
Event: 3.953 loading class java/security/Policy$PolicyInfo done
Event: 3.975 loading class org/osgi/framework/BundleEvent
Event: 3.975 loading class org/osgi/framework/BundleEvent done
Event: 3.975 loading class org/osgi/framework/BundleEvent
Event: 3.975 loading class org/osgi/framework/BundleEvent done
Event: 3.975 loading class org/osgi/framework/BundleEvent
Event: 3.975 loading class org/osgi/framework/BundleEvent done
Event: 3.975 loading class org/osgi/framework/BundleListener
Event: 3.975 loading class org/osgi/framework/BundleListener done


Dynamic libraries:
0x00007ff75d8d0000 - 0x00007ff75d8dd000 	C:\Users\lenovo\AppData\Local\Programs\Eclipse Foundation\jdk-11.0.12.7-hotspot\bin\java.exe
0x00007ffcdc630000 - 0x00007ffcdc825000 	C:\WINDOWS\SYSTEM32\ntdll.dll
0x00007ffcdc280000 - 0x00007ffcdc33e000 	C:\WINDOWS\System32\KERNEL32.DLL
0x00007ffcda320000 - 0x00007ffcda5e9000 	C:\WINDOWS\System32\KERNELBASE.dll
0x00007ffcd70b0000 - 0x00007ffcd7140000 	C:\WINDOWS\SYSTEM32\apphelp.dll
0x00007ffcda220000 - 0x00007ffcda320000 	C:\WINDOWS\System32\ucrtbase.dll
0x00007ffcd5070000 - 0x00007ffcd5087000 	C:\Users\lenovo\AppData\Local\Programs\Eclipse Foundation\jdk-11.0.12.7-hotspot\bin\jli.dll
0x00007ffcdb520000 - 0x00007ffcdb6c1000 	C:\WINDOWS\System32\USER32.dll
0x00007ffcda1f0000 - 0x00007ffcda212000 	C:\WINDOWS\System32\win32u.dll
0x00007ffcda690000 - 0x00007ffcda6bb000 	C:\WINDOWS\System32\GDI32.dll
0x00007ffcd9e50000 - 0x00007ffcd9f5b000 	C:\WINDOWS\System32\gdi32full.dll
0x00007ffcd9d50000 - 0x00007ffcd9ded000 	C:\WINDOWS\System32\msvcp_win.dll
0x00007ffcc78e0000 - 0x00007ffcc78f5000 	C:\Users\lenovo\AppData\Local\Programs\Eclipse Foundation\jdk-11.0.12.7-hotspot\bin\VCRUNTIME140.dll
0x00007ffcc1120000 - 0x00007ffcc13ba000 	C:\WINDOWS\WinSxS\amd64_microsoft.windows.common-controls_6595b64144ccf1df_6.0.19041.1110_none_60b5254171f9507e\COMCTL32.dll
0x00007ffcdbaa0000 - 0x00007ffcdbb3e000 	C:\WINDOWS\System32\msvcrt.dll
0x00007ffcdc340000 - 0x00007ffcdc370000 	C:\WINDOWS\System32\IMM32.DLL
0x00007ffca2e10000 - 0x00007ffca2eab000 	C:\Users\lenovo\AppData\Local\Programs\Eclipse Foundation\jdk-11.0.12.7-hotspot\bin\msvcp140.dll
0x00007ffc82c10000 - 0x00007ffc83769000 	C:\Users\lenovo\AppData\Local\Programs\Eclipse Foundation\jdk-11.0.12.7-hotspot\bin\server\jvm.dll
0x00007ffcdb270000 - 0x00007ffcdb31c000 	C:\WINDOWS\System32\ADVAPI32.dll
0x00007ffcdb3a0000 - 0x00007ffcdb43b000 	C:\WINDOWS\System32\sechost.dll
0x00007ffcdb6d0000 - 0x00007ffcdb7fa000 	C:\WINDOWS\System32\RPCRT4.dll
0x00007ffcda680000 - 0x00007ffcda688000 	C:\WINDOWS\System32\PSAPI.DLL
0x00007ffccee30000 - 0x00007ffccee39000 	C:\WINDOWS\SYSTEM32\WSOCK32.dll
0x00007ffcdc580000 - 0x00007ffcdc5eb000 	C:\WINDOWS\System32\WS2_32.dll
0x00007ffcc8740000 - 0x00007ffcc8767000 	C:\WINDOWS\SYSTEM32\WINMM.dll
0x00007ffcd2c30000 - 0x00007ffcd2c3a000 	C:\WINDOWS\SYSTEM32\VERSION.dll
0x00007ffcd85d0000 - 0x00007ffcd85e2000 	C:\WINDOWS\SYSTEM32\kernel.appcore.dll
0x00007ffcce5a0000 - 0x00007ffcce5b0000 	C:\Users\lenovo\AppData\Local\Programs\Eclipse Foundation\jdk-11.0.12.7-hotspot\bin\verify.dll
0x00007ffcd7b50000 - 0x00007ffcd7d34000 	C:\WINDOWS\SYSTEM32\DBGHELP.DLL
0x00007ffcc0b90000 - 0x00007ffcc0bbc000 	C:\WINDOWS\SYSTEM32\dbgcore.DLL
0x00007ffcda5f0000 - 0x00007ffcda673000 	C:\WINDOWS\System32\bcryptPrimitives.dll
0x00007ffcc61a0000 - 0x00007ffcc61c8000 	C:\Users\lenovo\AppData\Local\Programs\Eclipse Foundation\jdk-11.0.12.7-hotspot\bin\java.dll
0x00007ffcc7960000 - 0x00007ffcc796a000 	C:\Users\lenovo\AppData\Local\Programs\Eclipse Foundation\jdk-11.0.12.7-hotspot\bin\jimage.dll
0x00007ffcc78c0000 - 0x00007ffcc78d7000 	C:\Users\lenovo\AppData\Local\Programs\Eclipse Foundation\jdk-11.0.12.7-hotspot\bin\zip.dll
0x00007ffcdbb40000 - 0x00007ffcdc27f000 	C:\WINDOWS\System32\SHELL32.dll
0x00007ffcd7d40000 - 0x00007ffcd84d0000 	C:\WINDOWS\SYSTEM32\windows.storage.dll
0x00007ffcdaf10000 - 0x00007ffcdb265000 	C:\WINDOWS\System32\combase.dll
0x00007ffcd96d0000 - 0x00007ffcd96fc000 	C:\WINDOWS\SYSTEM32\Wldp.dll
0x00007ffcda6c0000 - 0x00007ffcda76e000 	C:\WINDOWS\System32\SHCORE.dll
0x00007ffcdb320000 - 0x00007ffcdb375000 	C:\WINDOWS\System32\shlwapi.dll
0x00007ffcd9c90000 - 0x00007ffcd9caf000 	C:\WINDOWS\SYSTEM32\profapi.dll
0x00007ffcc77b0000 - 0x00007ffcc77c9000 	C:\Users\lenovo\AppData\Local\Programs\Eclipse Foundation\jdk-11.0.12.7-hotspot\bin\net.dll
0x00007ffcc8630000 - 0x00007ffcc8738000 	C:\WINDOWS\SYSTEM32\WINHTTP.dll
0x00007ffcd9430000 - 0x00007ffcd949a000 	C:\WINDOWS\system32\mswsock.dll
0x00007ffcc68d0000 - 0x00007ffcc68e2000 	C:\Users\lenovo\AppData\Local\Programs\Eclipse Foundation\jdk-11.0.12.7-hotspot\bin\nio.dll
0x00007ffcd9630000 - 0x00007ffcd9648000 	C:\WINDOWS\SYSTEM32\CRYPTSP.dll
0x00007ffcd8db0000 - 0x00007ffcd8de4000 	C:\WINDOWS\system32\rsaenh.dll
0x00007ffcda1c0000 - 0x00007ffcda1e7000 	C:\WINDOWS\System32\bcrypt.dll
0x00007ffcd9c10000 - 0x00007ffcd9c3e000 	C:\WINDOWS\SYSTEM32\USERENV.dll
0x00007ffcd9620000 - 0x00007ffcd962c000 	C:\WINDOWS\SYSTEM32\CRYPTBASE.dll
0x00007ffcd9120000 - 0x00007ffcd915b000 	C:\WINDOWS\SYSTEM32\IPHLPAPI.DLL
0x00007ffcdb510000 - 0x00007ffcdb518000 	C:\WINDOWS\System32\NSI.dll
0x00007ffcc9a40000 - 0x00007ffcc9a57000 	C:\WINDOWS\SYSTEM32\dhcpcsvc6.DLL
0x00007ffcce5e0000 - 0x00007ffcce5fd000 	C:\WINDOWS\SYSTEM32\dhcpcsvc.DLL
0x00007ffcd9160000 - 0x00007ffcd922c000 	C:\WINDOWS\SYSTEM32\DNSAPI.dll
0x00007ffcc0bf0000 - 0x00007ffcc0c2e000 	C:\Users\lenovo\AppData\Roaming\Code\User\globalStorage\redhat.java\0.82.0\config_win\org.eclipse.equinox.launcher\org.eclipse.equinox.launcher.win32.win32.x86_64_1.2.300.v20210828-0802\eclipse_11506.dll
0x00007ffcdad00000 - 0x00007ffcdae2a000 	C:\WINDOWS\System32\ole32.dll

dbghelp: loaded successfully - version: 4.0.5 - missing functions: none
symbol engine: initialized successfully - sym options: 0x614 - pdb path: .;C:\Users\lenovo\AppData\Local\Programs\Eclipse Foundation\jdk-11.0.12.7-hotspot\bin;C:\WINDOWS\SYSTEM32;C:\WINDOWS\WinSxS\amd64_microsoft.windows.common-controls_6595b64144ccf1df_6.0.19041.1110_none_60b5254171f9507e;C:\Users\lenovo\AppData\Local\Programs\Eclipse Foundation\jdk-11.0.12.7-hotspot\bin\server;C:\Users\lenovo\AppData\Roaming\Code\User\globalStorage\redhat.java\0.82.0\config_win\org.eclipse.equinox.launcher\org.eclipse.equinox.launcher.win32.win32.x86_64_1.2.300.v20210828-0802

VM Arguments:
jvm_args: --add-modules=ALL-SYSTEM --add-opens=java.base/java.util=ALL-UNNAMED --add-opens=java.base/java.lang=ALL-UNNAMED -Declipse.application=org.eclipse.jdt.ls.core.id1 -Dosgi.bundles.defaultStartLevel=4 -Declipse.product=org.eclipse.jdt.ls.core.product -Dfile.encoding=utf8 -DwatchParentProcess=false -XX:+UseParallelGC -XX:GCTimeRatio=4 -XX:AdaptiveSizePolicyWeight=90 -Dsun.zip.disableMemoryMapping=true -Xmx1G -Xms100m -Xverify:none 
java_command: c:\Users\lenovo\.vscode\extensions\redhat.java-0.82.0\server\plugins\org.eclipse.equinox.launcher_1.6.300.v20210813-1054.jar -configuration c:\Users\lenovo\AppData\Roaming\Code\User\globalStorage\redhat.java\0.82.0\config_win -data c:\Users\lenovo\AppData\Roaming\Code\User\workspaceStorage\53de9737baf138d4e347c64182850dbd\redhat.java\jdt_ws
java_class_path (initial): c:\Users\lenovo\.vscode\extensions\redhat.java-0.82.0\server\plugins\org.eclipse.equinox.launcher_1.6.300.v20210813-1054.jar
Launcher Type: SUN_STANDARD

[Global flags]
    uintx AdaptiveSizePolicyWeight                 = 90                                        {product} {command line}
     bool BytecodeVerificationLocal                = false                                     {product} {command line}
     bool BytecodeVerificationRemote               = false                                     {product} {command line}
     intx CICompilerCount                          = 3                                         {product} {ergonomic}
    uintx GCTimeRatio                              = 4                                         {product} {command line}
   size_t InitialHeapSize                          = 104857600                                 {product} {command line}
   size_t MaxHeapSize                              = 1073741824                                {product} {command line}
   size_t MaxNewSize                               = 357564416                                 {product} {ergonomic}
   size_t MinHeapDeltaBytes                        = 524288                                    {product} {ergonomic}
   size_t NewSize                                  = 34603008                                  {product} {ergonomic}
    uintx NonNMethodCodeHeapSize                   = 5830732                                {pd product} {ergonomic}
    uintx NonProfiledCodeHeapSize                  = 122913754                              {pd product} {ergonomic}
   size_t OldSize                                  = 70254592                                  {product} {ergonomic}
    uintx ProfiledCodeHeapSize                     = 122913754                              {pd product} {ergonomic}
    uintx ReservedCodeCacheSize                    = 251658240                              {pd product} {ergonomic}
     bool SegmentedCodeCache                       = true                                      {product} {ergonomic}
     bool UseCompressedClassPointers               = true                                 {lp64_product} {ergonomic}
     bool UseCompressedOops                        = true                                 {lp64_product} {ergonomic}
     bool UseLargePagesIndividualAllocation        = false                                  {pd product} {ergonomic}
     bool UseParallelGC                            = true                                      {product} {command line}

Logging:
Log output configuration:
 #0: stdout all=warning uptime,level,tags
 #1: stderr all=off uptime,level,tags

Environment Variables:
PATH=C:\WINDOWS\system32;C:\WINDOWS;C:\WINDOWS\System32\Wbem;C:\WINDOWS\System32\WindowsPowerShell\v1.0\;C:\WINDOWS\System32\OpenSSH\;%JAVA_HOME%\bin;C:\TOOLS-DEV\Git\cmd;C:\Program Files\Microsoft VS Code\bin;C:\Program Files\Git\cmd;C:\Users\lenovo\AppData\Local\Programs\Eclipse Foundation\jdk-11.0.12.7-hotspot\bin;C:\Users\lenovo\AppData\Local\Microsoft\WindowsApps;C:\Users\lenovo\Downloads\Microsoft VS Code\bin
USERNAME=shy
OS=Windows_NT
PROCESSOR_IDENTIFIER=Intel64 Family 6 Model 126 Stepping 5, GenuineIntel



---------------  S Y S T E M  ---------------

OS: Windows 10 , 64 bit Build 19041 (10.0.19041.1202)
OS uptime: 0 days 0:37 hours

CPU:total 4 (initial active 4) (2 cores per cpu, 2 threads per core) family 6 model 126 stepping 5 microcode 0x48, cmov, cx8, fxsr, mmx, sse, sse2, sse3, ssse3, sse4.1, sse4.2, popcnt, avx, avx2, aes, clmul, erms, 3dnowpref, lzcnt, ht, tsc, tscinvbit, bmi1, bmi2, adx, evex, sha, fma

Memory: 4k page, system-wide physical 3891M (300M free)
TotalPageFile size 8083M (AvailPageFile size 6M)
current process WorkingSet (physical memory assigned to process): 113M, peak: 113M
current process commit charge ("private bytes"): 214M, peak: 215M

vm_info: OpenJDK 64-Bit Server VM (11.0.12+7) for windows-amd64 JRE (11.0.12+7), built on Jul 21 2021 16:23:49 by "" with unknown MS VC++:1916

END.
